<?xml version="1.0" encoding="UTF-8"?>
<!-- Generated by org.testng.reporters.JUnitReportReporter -->
<testsuite hostname="LAPTOP-G492GM3K" failures="0" tests="4" name="com.ae.testcases.Login" time="43.493" errors="0" timestamp="2024-09-07T17:33:39 IST" skipped="0">
  <testcase classname="com.ae.testcases.Login" name="verifyLoginWithCorrectCredentials" time="10.879"/>
  <testcase classname="com.ae.testcases.Login" name="verifyLoginWithInvalidEmailAndValidPassword" time="11.146"/>
  <testcase classname="com.ae.testcases.Login" name="verifyLoginWithValidEmailAndInvalidPassword" time="11.193"/>
  <testcase classname="com.ae.testcases.Login" name="verifyLoginWithInvalidCredentials" time="10.275"/>
</testsuite> <!-- com.ae.testcases.Login -->
