<?xml version="1.0" encoding="UTF-8"?>
<!-- Generated by org.testng.reporters.JUnitReportReporter -->
<testsuite hostname="LAPTOP-G492GM3K" failures="0" tests="2" name="com.ae.testcases.ContactUs" time="19.110" errors="0" timestamp="2024-09-07T13:35:56 IST" skipped="0">
  <testcase classname="com.ae.testcases.ContactUs" name="pageVisibility" time="8.477"/>
  <testcase classname="com.ae.testcases.ContactUs" name="contactusFormWithValidDetails" time="10.633"/>
</testsuite> <!-- com.ae.testcases.ContactUs -->
